build/app/intermediates/manifest_merge_blame_file/release/manifest-merger-blame-release-report.txt
1<?xml version="1.0" encoding="utf-8"?>
2<manifest xmlns:android="http://schemas.android.com/apk/res/android"
3    package="com.example.qr_code_reader"
4    android:versionCode="1"
5    android:versionName="1.0.0" >
6
7    <uses-sdk
8        android:minSdkVersion="21"
8-->src/main/AndroidManifest.xml
9        android:targetSdkVersion="33" />
9-->src/main/AndroidManifest.xml
10
11    <uses-permission android:name="android.permission.CAMERA" />
11-->[:camera_android] AndroidManifest.xml:9:5-65
11-->[:camera_android] AndroidManifest.xml:9:22-62
12    <uses-permission android:name="android.permission.RECORD_AUDIO" /> <!-- Don't require camera, as this requires a rear camera. This allows it to work on the Nexus 7 -->
12-->[:camera_android] AndroidManifest.xml:10:5-71
12-->[:camera_android] AndroidManifest.xml:10:22-68
13    <uses-feature
13-->[com.journeyapps:zxing-android-embedded:4.3.0] AndroidManifest.xml:25:5-27:36
14        android:name="android.hardware.camera"
14-->[com.journeyapps:zxing-android-embedded:4.3.0] AndroidManifest.xml:26:9-47
15        android:required="false" />
15-->[com.journeyapps:zxing-android-embedded:4.3.0] AndroidManifest.xml:27:9-33
16    <uses-feature
16-->[com.journeyapps:zxing-android-embedded:4.3.0] AndroidManifest.xml:28:5-30:36
17        android:name="android.hardware.camera.front"
17-->[com.journeyapps:zxing-android-embedded:4.3.0] AndroidManifest.xml:29:9-53
18        android:required="false" /> <!-- TODO replace above two with next line after Android 4.2 -->
18-->[com.journeyapps:zxing-android-embedded:4.3.0] AndroidManifest.xml:30:9-33
19    <!-- <uses-feature android:name="android.hardware.camera.any"/> -->
20    <uses-feature
20-->[com.journeyapps:zxing-android-embedded:4.3.0] AndroidManifest.xml:33:5-35:36
21        android:name="android.hardware.camera.autofocus"
21-->[com.journeyapps:zxing-android-embedded:4.3.0] AndroidManifest.xml:34:9-57
22        android:required="false" />
22-->[com.journeyapps:zxing-android-embedded:4.3.0] AndroidManifest.xml:35:9-33
23    <uses-feature
23-->[com.journeyapps:zxing-android-embedded:4.3.0] AndroidManifest.xml:36:5-38:36
24        android:name="android.hardware.camera.flash"
24-->[com.journeyapps:zxing-android-embedded:4.3.0] AndroidManifest.xml:37:9-53
25        android:required="false" />
25-->[com.journeyapps:zxing-android-embedded:4.3.0] AndroidManifest.xml:38:9-33
26    <uses-feature
26-->[com.journeyapps:zxing-android-embedded:4.3.0] AndroidManifest.xml:39:5-41:36
27        android:name="android.hardware.screen.landscape"
27-->[com.journeyapps:zxing-android-embedded:4.3.0] AndroidManifest.xml:40:9-57
28        android:required="false" />
28-->[com.journeyapps:zxing-android-embedded:4.3.0] AndroidManifest.xml:41:9-33
29    <uses-feature
29-->[com.journeyapps:zxing-android-embedded:4.3.0] AndroidManifest.xml:42:5-44:36
30        android:name="android.hardware.wifi"
30-->[com.journeyapps:zxing-android-embedded:4.3.0] AndroidManifest.xml:43:9-45
31        android:required="false" />
31-->[com.journeyapps:zxing-android-embedded:4.3.0] AndroidManifest.xml:44:9-33
32
33    <application
34        android:name="android.app.Application"
34-->src/main/AndroidManifest.xml:4:9-42
35        android:appComponentFactory="androidx.core.app.CoreComponentFactory"
35-->[androidx.core:core:1.7.0] AndroidManifest.xml:24:18-86
36        android:icon="@mipmap/launcher_icon"
36-->src/main/AndroidManifest.xml:5:9-45
37        android:label="QR CODE READER" >
37-->src/main/AndroidManifest.xml:3:9-39
38        <activity
38-->src/main/AndroidManifest.xml:6:9-26:20
39            android:name="com.example.qr_code_reader.MainActivity"
39-->src/main/AndroidManifest.xml:7:13-41
40            android:configChanges="orientation|keyboardHidden|keyboard|screenSize|smallestScreenSize|locale|layoutDirection|fontScale|screenLayout|density|uiMode"
40-->src/main/AndroidManifest.xml:11:13-163
41            android:exported="true"
41-->src/main/AndroidManifest.xml:8:13-36
42            android:hardwareAccelerated="true"
42-->src/main/AndroidManifest.xml:12:13-47
43            android:launchMode="singleTop"
43-->src/main/AndroidManifest.xml:9:13-43
44            android:theme="@style/LaunchTheme"
44-->src/main/AndroidManifest.xml:10:13-47
45            android:windowSoftInputMode="adjustResize" >
45-->src/main/AndroidManifest.xml:13:13-55
46
47            <!--
48                 Specifies an Android theme to apply to this Activity as soon as
49                 the Android process has started. This theme is visible to the user
50                 while the Flutter UI initializes. After that, this theme continues
51                 to determine the Window background behind the Flutter UI.
52            -->
53            <meta-data
53-->src/main/AndroidManifest.xml:18:13-21:17
54                android:name="io.flutter.embedding.android.NormalTheme"
54-->src/main/AndroidManifest.xml:19:15-70
55                android:resource="@style/NormalTheme" />
55-->src/main/AndroidManifest.xml:20:15-52
56
57            <intent-filter>
57-->src/main/AndroidManifest.xml:22:13-25:29
58                <action android:name="android.intent.action.MAIN" />
58-->src/main/AndroidManifest.xml:23:17-68
58-->src/main/AndroidManifest.xml:23:25-66
59
60                <category android:name="android.intent.category.LAUNCHER" />
60-->src/main/AndroidManifest.xml:24:17-76
60-->src/main/AndroidManifest.xml:24:27-74
61            </intent-filter>
62        </activity>
63        <!--
64             Don't delete the meta-data below.
65             This is used by the Flutter tool to generate GeneratedPluginRegistrant.java
66        -->
67        <meta-data
67-->src/main/AndroidManifest.xml:29:9-31:33
68            android:name="flutterEmbedding"
68-->src/main/AndroidManifest.xml:30:13-44
69            android:value="2" />
69-->src/main/AndroidManifest.xml:31:13-30
70
71        <uses-library
71-->[androidx.window:window:1.0.0-beta04] AndroidManifest.xml:25:9-27:40
72            android:name="androidx.window.extensions"
72-->[androidx.window:window:1.0.0-beta04] AndroidManifest.xml:26:13-54
73            android:required="false" />
73-->[androidx.window:window:1.0.0-beta04] AndroidManifest.xml:27:13-37
74        <uses-library
74-->[androidx.window:window:1.0.0-beta04] AndroidManifest.xml:28:9-30:40
75            android:name="androidx.window.sidecar"
75-->[androidx.window:window:1.0.0-beta04] AndroidManifest.xml:29:13-51
76            android:required="false" />
76-->[androidx.window:window:1.0.0-beta04] AndroidManifest.xml:30:13-37
77
78        <provider
78-->[androidx.emoji2:emoji2:1.0.0] AndroidManifest.xml:26:9-34:20
79            android:name="androidx.startup.InitializationProvider"
79-->[androidx.emoji2:emoji2:1.0.0] AndroidManifest.xml:27:13-67
80            android:authorities="com.example.qr_code_reader.androidx-startup"
80-->[androidx.emoji2:emoji2:1.0.0] AndroidManifest.xml:28:13-68
81            android:exported="false" >
81-->[androidx.emoji2:emoji2:1.0.0] AndroidManifest.xml:29:13-37
82            <meta-data
82-->[androidx.emoji2:emoji2:1.0.0] AndroidManifest.xml:31:13-33:52
83                android:name="androidx.emoji2.text.EmojiCompatInitializer"
83-->[androidx.emoji2:emoji2:1.0.0] AndroidManifest.xml:32:17-75
84                android:value="androidx.startup" />
84-->[androidx.emoji2:emoji2:1.0.0] AndroidManifest.xml:33:17-49
85            <meta-data
85-->[androidx.lifecycle:lifecycle-process:2.4.0] AndroidManifest.xml:31:13-33:52
86                android:name="androidx.lifecycle.ProcessLifecycleInitializer"
86-->[androidx.lifecycle:lifecycle-process:2.4.0] AndroidManifest.xml:32:17-78
87                android:value="androidx.startup" />
87-->[androidx.lifecycle:lifecycle-process:2.4.0] AndroidManifest.xml:33:17-49
88        </provider>
89
90        <activity
90-->[com.journeyapps:zxing-android-embedded:4.3.0] AndroidManifest.xml:47:9-53:63
91            android:name="com.journeyapps.barcodescanner.CaptureActivity"
91-->[com.journeyapps:zxing-android-embedded:4.3.0] AndroidManifest.xml:48:13-74
92            android:clearTaskOnLaunch="true"
92-->[com.journeyapps:zxing-android-embedded:4.3.0] AndroidManifest.xml:49:13-45
93            android:screenOrientation="sensorLandscape"
93-->[com.journeyapps:zxing-android-embedded:4.3.0] AndroidManifest.xml:50:13-56
94            android:stateNotNeeded="true"
94-->[com.journeyapps:zxing-android-embedded:4.3.0] AndroidManifest.xml:51:13-42
95            android:theme="@style/zxing_CaptureTheme"
95-->[com.journeyapps:zxing-android-embedded:4.3.0] AndroidManifest.xml:52:13-54
96            android:windowSoftInputMode="stateAlwaysHidden" />
96-->[com.journeyapps:zxing-android-embedded:4.3.0] AndroidManifest.xml:53:13-60
97    </application>
98
99</manifest>